c:\users\thesis\dropbox\visual studio 2015\projects\cudafmrimom\x64\release\cudafmrimom.exe
c:\users\thesis\dropbox\visual studio 2015\projects\cudafmrimom\x64\release\cudafmrimom.pdb
c:\users\thesis\dropbox\visual studio 2015\projects\cudafmrimom\cudafmrimom\x64\release\culibs.cu.cache
c:\users\thesis\dropbox\visual studio 2015\projects\cudafmrimom\cudafmrimom\x64\release\errortypes.cu.cache
c:\users\thesis\dropbox\visual studio 2015\projects\cudafmrimom\cudafmrimom\x64\release\globals.cu.cache
c:\users\thesis\dropbox\visual studio 2015\projects\cudafmrimom\cudafmrimom\x64\release\kernel.cu.cache
c:\users\thesis\dropbox\visual studio 2015\projects\cudafmrimom\cudafmrimom\x64\release\main.cu.cache
c:\users\thesis\dropbox\visual studio 2015\projects\cudafmrimom\cudafmrimom\x64\release\matcode.cu.cache
c:\users\thesis\dropbox\visual studio 2015\projects\cudafmrimom\cudafmrimom\x64\release\mem.cu.cache
c:\users\thesis\dropbox\visual studio 2015\projects\cudafmrimom\cudafmrimom\x64\release\primaryfunctions.cu.cache
c:\users\thesis\dropbox\visual studio 2015\projects\cudafmrimom\cudafmrimom\x64\release\reduction.cu.cache
c:\users\thesis\dropbox\visual studio 2015\projects\cudafmrimom\cudafmrimom\x64\release\timer.cu.cache
c:\users\thesis\dropbox\visual studio 2015\projects\cudafmrimom\cudafmrimom\x64\release\culibs.cu.obj
c:\users\thesis\dropbox\visual studio 2015\projects\cudafmrimom\cudafmrimom\x64\release\errortypes.cu.obj
c:\users\thesis\dropbox\visual studio 2015\projects\cudafmrimom\cudafmrimom\x64\release\globals.cu.obj
c:\users\thesis\dropbox\visual studio 2015\projects\cudafmrimom\cudafmrimom\x64\release\kernel.cu.obj
c:\users\thesis\dropbox\visual studio 2015\projects\cudafmrimom\cudafmrimom\x64\release\main.cu.obj
c:\users\thesis\dropbox\visual studio 2015\projects\cudafmrimom\cudafmrimom\x64\release\matcode.cu.obj
c:\users\thesis\dropbox\visual studio 2015\projects\cudafmrimom\cudafmrimom\x64\release\mem.cu.obj
c:\users\thesis\dropbox\visual studio 2015\projects\cudafmrimom\cudafmrimom\x64\release\primaryfunctions.cu.obj
c:\users\thesis\dropbox\visual studio 2015\projects\cudafmrimom\cudafmrimom\x64\release\reduction.cu.obj
c:\users\thesis\dropbox\visual studio 2015\projects\cudafmrimom\cudafmrimom\x64\release\timer.cu.obj
c:\users\thesis\dropbox\visual studio 2015\projects\cudafmrimom\cudafmrimom\x64\release\cudafmrimom.tlog\link.command.1.tlog
c:\users\thesis\dropbox\visual studio 2015\projects\cudafmrimom\cudafmrimom\x64\release\cudafmrimom.tlog\link.read.1.tlog
c:\users\thesis\dropbox\visual studio 2015\projects\cudafmrimom\cudafmrimom\x64\release\cudafmrimom.tlog\link.write.1.tlog
